<?xml version="1.0" encoding="UTF-8"?>
<!-- Generated by org.testng.reporters.JUnitReportReporter -->
<testsuite skipped="0" hostname="DESKTOP-TT3HAF2" name="tests.SearchProductTest" tests="1" failures="0" timestamp="27 Sep 2019 16:35:54 GMT" time="3.149" errors="0">
  <testcase name="UserCanSearchForProducts" time="3.149" classname="tests.SearchProductTest"/>
</testsuite> <!-- tests.SearchProductTest -->
