<?xml version="1.0" encoding="UTF-8"?>
<!-- Generated by org.testng.reporters.JUnitReportReporter -->
<testsuite skipped="0" hostname="DESKTOP-TT3HAF2" name="tests.SearchProductUsingAutoSuggest" tests="1" failures="0" timestamp="27 Sep 2019 16:35:54 GMT" time="4.999" errors="0">
  <testcase name="UserCanSearchWithAutoSuggest" time="4.999" classname="tests.SearchProductUsingAutoSuggest"/>
</testsuite> <!-- tests.SearchProductUsingAutoSuggest -->
