<?xml version="1.0" encoding="UTF-8"?>
<!-- Generated by org.testng.reporters.JUnitReportReporter -->
<testsuite skipped="0" hostname="DESKTOP-BEBHF41" name="tests.AddProductToWishList" tests="3" failures="0" timestamp="25 Oct 2019 17:19:34 GMT" time="8.146" errors="0">
  <testcase name="UserCanSearchWithAutoSuggest" time="5.837" classname="tests.AddProductToWishList"/>
  <testcase name="UserCanAddProductToWishList" time="1.541" classname="tests.AddProductToWishList"/>
  <testcase name="UserCanRemoveProductFromCart" time="0.768" classname="tests.AddProductToWishList"/>
</testsuite> <!-- tests.AddProductToWishList -->
