<?xml version="1.0" encoding="UTF-8"?>
<!-- Generated by org.testng.reporters.JUnitReportReporter -->
<testsuite skipped="0" hostname="DESKTOP-TT3HAF2" name="tests.UserRegistrationTestWithDDtandJSON" tests="1" failures="0" timestamp="30 Jun 2019 18:56:23 GMT" time="13.032" errors="0">
  <testcase name="UserCanRegistrationSuccessfully" time="13.032" classname="tests.UserRegistrationTestWithDDtandJSON"/>
</testsuite> <!-- tests.UserRegistrationTestWithDDtandJSON -->
