<?xml version="1.0" encoding="UTF-8"?>
<!-- Generated by org.testng.reporters.JUnitReportReporter -->
<testsuite skipped="0" hostname="DESKTOP-TT3HAF2" name="tests.UserRegistrationTestWithDDTAndCSV" tests="1" failures="0" timestamp="30 Jun 2019 12:04:04 GMT" time="20.912" errors="0">
  <testcase name="UserCanRegistrationSuccessfully" time="20.912" classname="tests.UserRegistrationTestWithDDTAndCSV"/>
</testsuite> <!-- tests.UserRegistrationTestWithDDTAndCSV -->
