<?xml version="1.0" encoding="UTF-8"?>
<!-- Generated by org.testng.reporters.JUnitReportReporter -->
<testsuite skipped="0" hostname="DESKTOP-TT3HAF2" name="tests.ChangeCurrencyTest" tests="2" failures="0" timestamp="27 Sep 2019 16:35:54 GMT" time="1.617" errors="0">
  <testcase name="UserCanChangeCurrency" time="1.609" classname="tests.ChangeCurrencyTest"/>
  <testcase name="UserCanSearchWithAutoSuggest" time="0.008" classname="tests.ChangeCurrencyTest"/>
</testsuite> <!-- tests.ChangeCurrencyTest -->
