<?xml version="1.0" encoding="UTF-8"?>
<!-- Generated by org.testng.reporters.JUnitReportReporter -->
<testsuite skipped="0" hostname="DESKTOP-TT3HAF2" name="tests.UserRegistrationTestWithDDtAndExcel" tests="3" failures="0" timestamp="30 Jun 2019 11:10:55 GMT" time="23.716" errors="0">
  <testcase name="UserCanRegistrationSuccessfully" time="6.605" classname="tests.UserRegistrationTestWithDDtAndExcel"/>
  <testcase name="UserCanRegistrationSuccessfully" time="6.352" classname="tests.UserRegistrationTestWithDDtAndExcel"/>
  <testcase name="UserCanRegistrationSuccessfully" time="10.759" classname="tests.UserRegistrationTestWithDDtAndExcel"/>
</testsuite> <!-- tests.UserRegistrationTestWithDDtAndExcel -->
