<?xml version="1.0" encoding="UTF-8"?>
<!-- Generated by org.testng.reporters.JUnitReportReporter -->
<testsuite skipped="0" hostname="DESKTOP-TT3HAF2" name="tests.UserRegisterationWithDDTandPropertiesfile" tests="3" failures="0" timestamp="23 Jun 2019 21:34:49 GMT" time="8.069" errors="0">
  <testcase name="RegisteredUserCanLogout" time="1.074" classname="tests.UserRegisterationWithDDTandPropertiesfile"/>
  <testcase name="RegisterUserCanLogin" time="2.676" classname="tests.UserRegisterationWithDDTandPropertiesfile"/>
  <testcase name="UserCanRegistrationSuccessfully" time="4.319" classname="tests.UserRegisterationWithDDTandPropertiesfile"/>
</testsuite> <!-- tests.UserRegisterationWithDDTandPropertiesfile -->
