<?xml version="1.0" encoding="UTF-8"?>
<!-- Generated by org.testng.reporters.JUnitReportReporter -->
<testsuite skipped="0" hostname="DESKTOP-TT3HAF2" name="tests.UserRegisterationParallelTesting" tests="6" failures="0" timestamp="30 Sep 2019 21:14:54 GMT" time="16.432" errors="0">
  <testcase name="RegisteredUserCanLogout" time="1.843" classname="tests.UserRegisterationParallelTesting"/>
  <testcase name="RegisteredUserCanLogout" time="1.892" classname="tests.UserRegisterationParallelTesting"/>
  <testcase name="RegisterUserCanLogin" time="1.857" classname="tests.UserRegisterationParallelTesting"/>
  <testcase name="RegisterUserCanLogin" time="2.719" classname="tests.UserRegisterationParallelTesting"/>
  <testcase name="UserCanRegistrationSuccessfully" time="4.762" classname="tests.UserRegisterationParallelTesting"/>
  <testcase name="UserCanRegistrationSuccessfully" time="3.359" classname="tests.UserRegisterationParallelTesting"/>
</testsuite> <!-- tests.UserRegisterationParallelTesting -->
