<?xml version="1.0" encoding="UTF-8"?>
<!-- Generated by org.testng.reporters.JUnitReportReporter -->
<testsuite skipped="0" hostname="DESKTOP-TT3HAF2" name="tests.ProductHoverMenuTest" tests="1" failures="0" timestamp="27 Sep 2019 16:35:54 GMT" time="2.469" errors="0">
  <testcase name="UserCanSelectSubCategoryFromMainMenu" time="2.469" classname="tests.ProductHoverMenuTest"/>
</testsuite> <!-- tests.ProductHoverMenuTest -->
