<?xml version="1.0" encoding="UTF-8"?>
<!-- Generated by org.testng.reporters.JUnitReportReporter -->
<testsuite skipped="0" hostname="DESKTOP-TT3HAF2" name="tests.contactUsTest" tests="1" failures="0" timestamp="06 Oct 2019 16:21:40 GMT" time="3.025" errors="0">
  <testcase name="UserCanContactUs" time="3.025" classname="tests.contactUsTest"/>
</testsuite> <!-- tests.contactUsTest -->
